C51 COMPILER V9.60.0.0   LED_0                                                             01/06/2022 14:34:55 PAGE 1   


C51 COMPILER V9.60.0.0, COMPILATION OF MODULE LED_0
OBJECT MODULE PLACED IN .\Objects\Led_0.obj
COMPILER INVOKED BY: E:\keil\C51\BIN\C51.EXE Led_0.c OPTIMIZE(8,SPEED) BROWSE DEBUG OBJECTEXTEND PRINT(.\Listings\Led_0.
                    -lst) TABS(2) OBJECT(.\Objects\Led_0.obj)

line level    source

   1          #include<reg51.h>
   2          #include<intrins.h>
   3          
   4          #define uint unsigned int
   5          #define uchar unsigned char
   6          #define leds P2
   7            
   8          sbit P10 = P1^0;
   9          sbit P11 = P1^1;
  10          sbit P12 = P1^2;
  11          sbit P13 = P1^3;
  12          
  13          void delay_1ms();
  14          void delay_ms(uint n);
  15          
  16          uchar mode1[8] = {0xFE,0xFD,0xFB,0xF7,0xEF,0xDF,0xBF,0x7F};  //模式一
  17          uchar mode2[8] = {0x7F,0xBF,0XDF,0XEF,0XF7,0XFB,0XFD,0XFE};  //模式二
  18          uchar mode3[16] = {0xFE,0xFD,0xFB,0xF7,0xEF,0xDF,0xBF,0x7F,0x7F,0xBF,0XDF,0XEF,0XF7,0XFB,0XFD,0XFE};  //模
             -式三
  19          uchar mode4[8] = {0xFE,0xFB,0xEF,0xBF,0x7F,0xDF,0xF7,0xFD};  //模式三
  20          
  21          void main()
  22          { 
  23   1        uchar i;
  24   1        uchar mode = 0;
  25   1        uchar key_flag = 0;
  26   1        while(!key_flag)
  27   1        {
  28   2          if(!P10)
  29   2          {
  30   3            _nop_();
  31   3            if(!P10)
  32   3            {
  33   4              key_flag = 1;
  34   4              mode = 1;
  35   4              while(!P10);
  36   4            }
  37   3          }
  38   2          if(!P11)
  39   2          {
  40   3            _nop_();
  41   3            if(!P11)
  42   3            {
  43   4              key_flag = 1;
  44   4              mode = 2;
  45   4              while(!P11);
  46   4            }
  47   3          }
  48   2          if(!P12)
  49   2          {
  50   3            _nop_();
  51   3            if(!P12)
  52   3            {
  53   4              key_flag = 1;
C51 COMPILER V9.60.0.0   LED_0                                                             01/06/2022 14:34:55 PAGE 2   

  54   4              mode = 3;
  55   4              while(!P12);
  56   4            }
  57   3          }
  58   2          if(!P13)
  59   2          {
  60   3            _nop_();
  61   3            if(!P13)
  62   3            {
  63   4              key_flag = 1;
  64   4              mode = 4;
  65   4              while(!P13);
  66   4            }
  67   3          } 
  68   2        }
  69   1        
  70   1        while(1)
  71   1        {
  72   2          if(mode == 1)
  73   2          {
  74   3            for(i=0;i<8;i++)
  75   3            {
  76   4              P2 = mode1[i];
  77   4              delay_ms(300);
  78   4            }
  79   3          }else{
  80   3            if(mode == 2)
  81   3            {
  82   4              for(i=0;i<8;i++)
  83   4            {
  84   5              P2 = mode2[i];
  85   5              delay_ms(300);
  86   5            }
  87   4            }else{
  88   4              if(mode == 3)
  89   4              {
  90   5                for(i=0;i<16;i++)
  91   5              {
  92   6                P2 = mode3[i];
  93   6                delay_ms(300);
  94   6              }
  95   5              }else{
  96   5                if(mode == 4)
  97   5                {
  98   6                  for(i=0;i<8;i++)
  99   6                {
 100   7                  P2 = mode4[i];
 101   7                  delay_ms(300);
 102   7                }
 103   6                }
 104   5              }
 105   4            }
 106   3          }
 107   2        }
 108   1      }
 109          
 110          
 111          
 112          /*
 113          单片机外设晶振为12MHZ，则机器周期为1us。
 114          延时时间为120*8*1 = 960us，加上 i-- 消耗时间 则延时大致为1ms。
 115          */
C51 COMPILER V9.60.0.0   LED_0                                                             01/06/2022 14:34:55 PAGE 3   

 116          void delay_1ms()    //1ms延时函数
 117          {
 118   1        uint i;
 119   1        for(i=120;i>0;i--);
 120   1      }
 121          void delay_ms(uint n)
 122          {
 123   1        while(n--)
 124   1        {
 125   2          delay_1ms();
 126   2        }
 127   1      }


MODULE INFORMATION:   STATIC OVERLAYABLE
   CODE SIZE        =    225    ----
   CONSTANT SIZE    =   ----    ----
   XDATA SIZE       =   ----    ----
   PDATA SIZE       =   ----    ----
   DATA SIZE        =     40       2
   IDATA SIZE       =   ----    ----
   BIT SIZE         =   ----    ----
END OF MODULE INFORMATION.


C51 COMPILATION COMPLETE.  0 WARNING(S),  0 ERROR(S)
