C51 COMPILER V9.59.0.0   DS1302                                                            12/28/2022 11:20:02 PAGE 1   


C51 COMPILER V9.59.0.0, COMPILATION OF MODULE DS1302
OBJECT MODULE PLACED IN .\Objects\ds1302.obj
COMPILER INVOKED BY: E:\Keil\C51\BIN\C51.EXE ds1302.c OPTIMIZE(8,SPEED) BROWSE DEBUG OBJECTEXTEND PRINT(.\Listings\ds130
                    -2.lst) TABS(2) OBJECT(.\Objects\ds1302.obj)

line level    source

   1          #include"ds1302.h"
   2          
   3            /*****************************************
   4           * 函数名：void DS1302_delay(u8 dd)
   5           * 描述  ：简单延时
   6           * 输入  ：
   7           * 输出  ：无
   8           * 调用  ：
   9           *************************************/
  10          void DS1302_delay(uchar dd)
  11          {
  12   1          uchar i;
  13   1          for(;dd>0;dd--)
  14   1        for(i=110;i>0;i--);
  15   1      }
  16          
  17            /*****************************************
  18           * 函数名：void DS1302_Write(uchar add,uchar dat)
  19           * 描述  ：DS1302写指令和数据
  20          *  输入  ：add:发送地址，dat：所在数据
  21           * 输出  ：无
  22           * 调用  ：
  23           *************************************/
  24           void DS1302_Write(uchar add,uchar dat)
  25           {
  26   1       uchar i,temp1,temp2;
  27   1       temp1=add;
  28   1       temp2=dat;
  29   1       RES_Set_1;//RET=1;
  30   1      //发送地址
  31   1      for(i=0;i<8;i++)
  32   1       {
  33   2              if(temp1&0x01)
  34   2               {IO_Set_1;  }     //IO=1;
  35   2              else
  36   2              { IO_Reset_0;}   //IIO=0;
  37   2              temp1=temp1>>1;
  38   2              CLK_Set_1;            //CLK=1;
  39   2              DS1302_delay(2);
  40   2              CLK_Reset_0;    //CLK=0;
  41   2        }
  42   1      
  43   1      //发送数据
  44   1      for(i=0;i<8;i++)
  45   1          {
  46   2              /*IO=(temp2>>i)&0x01;这一句代替下面屏蔽的内容  */
  47   2              if(temp2&0x01)
  48   2               {IO_Set_1;  }     //IO=1;
  49   2              else
  50   2               { IO_Reset_0;}    //IIO=0;
  51   2                  temp2=temp2>>1;
  52   2                  CLK_Set_1;            //CLK=1;
  53   2                  DS1302_delay(2);
  54   2                  CLK_Reset_0;    //CLK=0;
C51 COMPILER V9.59.0.0   DS1302                                                            12/28/2022 11:20:02 PAGE 2   

  55   2          }
  56   1      RES_Reset_0;// RET=0;
  57   1       }
  58          
  59          
  60          
  61          
  62          /*****************************************
  63           * 函数名：uchar DS1302_Read(uchar add)
  64           * 描述  ：DS1302读数据
  65           *  输入  ：add:发送所在地址
  66           * 输出  ：
  67           * 调用  ：
  68           *************************************/
  69          uchar DS1302_Read(uchar add)
  70          {
  71   1        uchar i,suf,temp,mm,nn,value;
  72   1         temp=add;
  73   1         RES_Set_1;//RET=1;
  74   1          //写地址
  75   1        for(i=0;i<8;i++)
  76   1            {
  77   2             if(temp&0x01)
  78   2             {IO_Set_1;  }     //IO=1;
  79   2            else
  80   2               { IO_Reset_0;}    //IO=0;
  81   2            temp=temp>>1;
  82   2              CLK_Set_1;            //CLK=1;
  83   2              DS1302_delay(2);
  84   2              CLK_Reset_0;    //CLK=0;
  85   2            }
  86   1       //读数据
  87   1      
  88   1        for(i=0;i<8;i++)
  89   1          {
  90   2           suf=suf>>1;//读数据变量
  91   2           if(IO)    //IO=1
  92   2           {
  93   3               suf=suf|0x80;
  94   3           }
  95   2           else     //IO=0
  96   2           {
  97   3           suf=suf&0x7f;
  98   3           }
  99   2      
 100   2              CLK_Set_1;            //CLK=1;
 101   2              DS1302_delay(2);
 102   2              CLK_Reset_0;    //CLK=0;
 103   2          }
 104   1          RES_Reset_0;    // RET=0;
 105   1      
 106   1      //数据处理转化十进制
 107   1      mm=suf/16;
 108   1      nn=suf%16;
 109   1      value=mm*10+nn;
 110   1      return value;
 111   1      }
 112          /*****************************************
 113           * 函数名：void DS1302_SetTime(uchar *ad)
 114           * 描述  ：DS1302 写入设置时间
 115           *  输入  ：add:发送所在地址
 116           * 输出  ：
C51 COMPILER V9.59.0.0   DS1302                                                            12/28/2022 11:20:02 PAGE 3   

 117           * 调用  ：
 118           *************************************/
 119          void DS1302_SetTime(uchar *ad)
 120            {
 121   1         DS1302_Write(0x8e,0x00);   //WP=0 允许数据写入DS1302
 122   1      /**********以下对时分秒的初始化*************/
 123   1              DS1302_Write(ds1302_sec_addr,ad[5]/10*16+ad[5]%10);  //秒
 124   1              DS1302_Write(ds1302_min_addr,ad[4]/10*16+ad[4]%10);   //分
 125   1              DS1302_Write(ds1302_hour_addr,ad[3]/10*16+ad[3]%10);   //时
 126   1            /**********以下对年月日的初始化*************/
 127   1           DS1302_Write(ds1302_day_addr,ad[2]/10*16+ad[2]%10);
 128   1         DS1302_Write(ds1302_month_addr,ad[1]/10*16+ad[1]%10);
 129   1            DS1302_Write(ds1302_year_addr,ad[0]/10*16+ad[0]%10);
 130   1      
 131   1           DS1302_Write(0x8e,0x80);   //0x8e控制字节地址,bit7=WP WP=1 禁止数据写入DS1302
 132   1        }
 133          
 134          
 135          /*****************************************
 136           * 函数名： void DS1302_OFF(void)
 137           * 描述  ：DS1302时间禁止走时
 138           *  输入  ：
 139           * 输出  ：
 140           * 调用  ：
 141           *************************************/
 142            void DS1302_OFF(void)
 143            {
 144   1         uchar temp;
 145   1         temp=DS1302_Read(0x81);//读取表地址时间
 146   1         DS1302_Write(0x8e,0x00);//WP=0 允许数据写入DS1302
 147   1         temp=temp|(1<<7);
 148   1         DS1302_Write(0x80,temp);//WP=1 禁止数据写入DS1302
 149   1      
 150   1        }
 151          /*****************************************
 152           * 函数名： void DS1302_ON(void)
 153           * 描述  ：DS1302时间开始运行，走时
 154           *  输入  ：
 155           * 输出  ：
 156           * 调用  ：
 157           *************************************/
 158            void DS1302_ON(void)
 159            {
 160   1         uchar temp;
 161   1         temp=DS1302_Read(0x81);
 162   1         DS1302_Write(0x8e,0x00);//WP=0 允许数据写入DS1302
 163   1         temp=temp|(0<<7);
 164   1         DS1302_Write(0x80,temp);//WP=0 允许数据写入DS1302
 165   1      
 166   1        }
 167          
 168          
 169          
 170          
 171          
 172          
 173           /*****************************************
 174           * 函数名：void DS1302_init(uchar *time)
 175           * 描述  ：    DS1302初始化
 176           * 输入  ：无
 177           * 输出  ：无
 178          * 调用  ：
C51 COMPILER V9.59.0.0   DS1302                                                            12/28/2022 11:20:02 PAGE 4   

 179           *************************************/
 180          void DS1302_init(uchar *time)
 181          {
 182   1        RES_Reset_0; //RET=0;
 183   1        CLK_Reset_0;// CLK=0;
 184   1        DS1302_Write(0x8e,0x00);//WP=0 允许数据写入DS1302
 185   1        DS1302_SetTime(time);//设置设置初始时钟
 186   1      }
 187           /*****************************************
 188           * 函数名：void DS1302_Readtime(void)
 189           * 描述  ：    DS1302时间读出
 190           * 输入  ：无
 191           * 输出  ：无
 192          * 调用  ：
 193           *************************************/
 194          void DS1302_Readtime(void)//
 195          {
 196   1            time_data[0]=DS1302_Read( 0x8D);
 197   1            time_data[1]=DS1302_Read( 0x89);
 198   1            time_data[2]=DS1302_Read( 0x87);
 199   1            time_data[3]=DS1302_Read( 0x85);
 200   1            time_data[4]=DS1302_Read( 0x83);
 201   1            time_data[5]=DS1302_Read( 0x81);
 202   1      }


MODULE INFORMATION:   STATIC OVERLAYABLE
   CODE SIZE        =    529    ----
   CONSTANT SIZE    =   ----    ----
   XDATA SIZE       =   ----    ----
   PDATA SIZE       =   ----    ----
   DATA SIZE        =   ----       6
   IDATA SIZE       =   ----    ----
   BIT SIZE         =   ----    ----
END OF MODULE INFORMATION.


C51 COMPILATION COMPLETE.  0 WARNING(S),  0 ERROR(S)
