C51 COMPILER V9.59.0.0   68______                                                          06/21/2022 08:59:44 PAGE 1   


C51 COMPILER V9.59.0.0, COMPILATION OF MODULE 68______
OBJECT MODULE PLACED IN .\Objects\68—ß∫≈µ∆.obj
COMPILER INVOKED BY: E:\keli\C51\BIN\C51.EXE 68—ß∫≈µ∆.c OPTIMIZE(8,SPEED) BROWSE DEBUG OBJECTEXTEND PRINT(.\Listings\68—
                    -ß∫≈µ∆.lst) TABS(2) OBJECT(.\Objects\68—ß∫≈µ∆.obj)

line level    source

   1          #include <reg51.h>
   2          #include <intrins.h>
   3          
   4          #define unchar unsigned char
   5          #define unint unsigned int
   6          unchar code seg_xust[8] = {0x00,0x10,0x00,0x01,0x00,0x04,0x02,0x02};  // —ß∫≈
   7          unchar code seg[8] = {0x01,0x02,0x04,0x08,0x10,0x20,0x40,0x80};  // ledµ∆
   8          unchar code seg_key[8] = {0xfe,0xfd,0xfb,0xf7,0xef,0xdf,0xbf,0x7f}; // º¸≈Ã…®√Ë
   9          unchar key_flag = 0;
  10          void key_scan_test();
  11          
  12          void delay_1ms();
  13          void delay_ms(unint n);
  14          void dig_show()
  15          {
  16   1        unchar i = 0;
  17   1        P2 = seg[3];
  18   1        i =key_scan();
*** WARNING C206 IN LINE 18 OF 68—ß∫≈µ∆.c: 'key_scan': missing function-prototype
  19   1        P2 = seg[1];
  20   1        key_flag = 0;
  21   1      }
  22          void main()
  23          {
  24   1        while(1)
  25   1        {
  26   2          
  27   2      //    key_scan_test();
  28   2      //    key_flag =0;
  29   2          unchar i;
  30   2          for(i=0;i<8;i++)
  31   2          {
  32   3            
  33   3            P2 = seg_xust[i];
  34   3            delay_ms(1000);
  35   3          }
  36   2        }
  37   1      }
  38          
  39          void delay_1ms()    //1ms—” ±∫Ø ˝
  40          {
  41   1        unint i;
  42   1        for(i=120;i>0;i--);
  43   1      }
  44          void delay_ms(unint n)
  45          {
  46   1        while(n--)
  47   1        {
  48   2          delay_1ms();
  49   2        }
  50   1      } 
  51          void key_scan_test()
  52          {
  53   1        
C51 COMPILER V9.59.0.0   68______                                                          06/21/2022 08:59:44 PAGE 2   

  54   1        while(key_flag == 0)
  55   1        { 
  56   2        if(P1!=0xff)
  57   2           {
  58   3              _nop_();
  59   3             if(P1!=0xff)
  60   3             {
  61   4                switch(P1)
  62   4                {
  63   5                  case 0xfe:P2 = seg_key[0];break;
  64   5                  case 0xfd:P2 = seg_key[1];break;
  65   5                  case 0xfb:P2 = seg_key[2];break;
  66   5                  case 0xf7:P2 = seg_key[3];break;
  67   5                  case 0xef:P2 = seg_key[4];break;
  68   5                  case 0xdf:P2 = seg_key[5];break;
  69   5                  case 0xbf:P2 = seg_key[6];break;
  70   5                  case 0x7f:P2 = seg_key[7];break;
  71   5                  default:break;
  72   5                }
  73   4             }     
  74   3          key_flag = 1 ;
  75   3          }
  76   2        }
  77   1      }


MODULE INFORMATION:   STATIC OVERLAYABLE
   CODE SIZE        =    191    ----
   CONSTANT SIZE    =     24    ----
   XDATA SIZE       =   ----    ----
   PDATA SIZE       =   ----    ----
   DATA SIZE        =      1       2
   IDATA SIZE       =   ----    ----
   BIT SIZE         =   ----    ----
END OF MODULE INFORMATION.


C51 COMPILATION COMPLETE.  1 WARNING(S),  0 ERROR(S)
