C51 COMPILER V9.60.0.0   ____                                                              06/07/2022 12:13:01 PAGE 1   


C51 COMPILER V9.60.0.0, COMPILATION OF MODULE ____
OBJECT MODULE PLACED IN .\Objects\开关.obj
COMPILER INVOKED BY: E:\keil\C51\BIN\C51.EXE 开关.c OPTIMIZE(8,SPEED) BROWSE DEBUG OBJECTEXTEND PRINT(.\Listings\开关.ls
                    -t) TABS(2) OBJECT(.\Objects\开关.obj)

line level    source

   1          #include<reg51.h>
   2          #include<intrins.h>
   3          
   4          #define uchar unsigned char;
   5          #define uint unsigned int;
   6          sbit P30 = P3^0;
   7          uchar code seg[10] = {0xc0,0xf9,0xa4,0xb0,0x99,0x92,0x82,0xf8,0x80,0x90}; // 数码管数字显示(共阳极)
   8          uint i = 0;
   9          void display();
  10          void main()
  11          {
  12   1        while(1)
  13   1        {
  14   2          display();
  15   2        }
  16   1      }
  17          
  18          void display()
  19          {
  20   1        if(!P30)
  21   1        {
  22   2          _nop_();  // 消抖处理
  23   2          while(!P30);
  24   2          P2 = seg[i];
  25   2          i++;
  26   2          if(i>=10)
  27   2          {
  28   3            i = 0;
  29   3          }
  30   2        }
  31   1      }


MODULE INFORMATION:   STATIC OVERLAYABLE
   CODE SIZE        =     61    ----
   CONSTANT SIZE    =     20    ----
   XDATA SIZE       =   ----    ----
   PDATA SIZE       =   ----    ----
   DATA SIZE        =      2    ----
   IDATA SIZE       =   ----    ----
   BIT SIZE         =   ----    ----
END OF MODULE INFORMATION.


C51 COMPILATION COMPLETE.  0 WARNING(S),  0 ERROR(S)
