C51 COMPILER V9.59.0.0   AD1602                                                            06/21/2022 09:39:17 PAGE 1   


C51 COMPILER V9.59.0.0, COMPILATION OF MODULE AD1602
OBJECT MODULE PLACED IN .\Objects\AD1602.obj
COMPILER INVOKED BY: E:\keli\C51\BIN\C51.EXE AD1602.c OPTIMIZE(8,SPEED) BROWSE DEBUG OBJECTEXTEND PRINT(.\Listings\AD160
                    -2.lst) TABS(2) OBJECT(.\Objects\AD1602.obj)

line level    source

   1          #include "reg51.h"
   2          sbit start=P3^0;
   3          sbit eoc=P3^1;
   4          sbit oe=P3^2;
   5          sbit RS=P3^3;
   6          sbit RW=P3^4;
   7          sbit E=P3^5;
   8          unsigned int vol=0;
   9          unsigned char arr[]={"0123456789"};
  10          unsigned char str[]={"VOLTAGE:"};
  11          
  12          void delay(unsigned int n)//延时函数
  13          {
  14   1        unsigned int i,j;
  15   1        for(i=0;i<n;i++)
  16   1        {
  17   2          for(j=0;j<120;j++);
  18   2        }
  19   1      }
  20          
  21          void adc()
  22          {
  23   1        start=0; // 关闭A/D转换启动信号
  24   1        start=1; // 打开A/D转换启动信号
  25   1        delay(5);
  26   1        start=0; // 关闭A/D转换启动信号
  27   1        while(eoc!=1);//判断A/D转换结束信号是否为1，1则转换完成，输出
  28   1        oe=1;   //数据输出允许信号
  29   1        vol=P2;//读取数据结果
  30   1        oe=0;//数据输出允许信号
  31   1      }
  32          
  33          void writecom(unsigned char com)//写命令函数
  34          {
  35   1        RS=0; //  RS:数据/命令选择端
  36   1        RW=0;//  R/W :读/写选择端 
  37   1        E=0; //  使能端:下降沿有效
  38   1        delay(5);
  39   1        P1=com;
  40   1        E=1;
  41   1        E=0;
  42   1      }
  43          
  44          void writedat(unsigned char dat)//写数据函数
  45          {
  46   1        RS=1; //  RS:数据/命令选择端
  47   1        RW=0;//  R/W :读/写选择端 
  48   1        E=0; //  使能端:下降沿有效
  49   1        delay(5);
  50   1        P1=dat;
  51   1        E=1;
  52   1        E=0;
  53   1      }
  54          
C51 COMPILER V9.59.0.0   AD1602                                                            06/21/2022 09:39:17 PAGE 2   

  55          void initlcd()//初始化LCD1602
  56          {
  57   1        writecom(0x38); //0x38；设置16×2显示
  58   1        writecom(0x0c); //0x0C：设置开显示，不显示光标
  59   1        writecom(0x06); //0x06：写一个字符后地址指针加1
  60   1        writecom(0x01); //0x01：显示清0，数据指针清0
  61   1      }
  62          
  63          void display()//显示函数
  64          {
  65   1        unsigned int i=0;
  66   1        unsigned char temp0=0,temp1=0,temp2=0;
  67   1        vol=(vol*100)/51; //  255/5=51
  68   1        temp0=vol/100;
  69   1        temp1=(vol%100)/10;
  70   1        temp2=vol%10;
  71   1        
  72   1        writecom(0x80);//0x80：LCD第一行的起始地址
  73   1        delay(5);
  74   1        for(i=0;i<8;i++)//显示字符串 VOLTAGE:
  75   1        {
  76   2          writedat(str[i]);
  77   2          delay(5);
  78   2        }
  79   1        
  80   1        writecom(0x80+0x40+8);// 0x80+0x40+8 LCD第二行的起始地址+8个字符
  81   1        delay(5);
  82   1        writedat(arr[temp0]);
  83   1        delay(5);
  84   1        writedat('.');
  85   1        delay(5);
  86   1        writedat(arr[temp1]);
  87   1        delay(5);
  88   1        writedat(arr[temp2]);
  89   1        delay(5);
  90   1        writedat('V');
  91   1        delay(5);
  92   1      }
  93          
  94          void main()
  95          {
  96   1        initlcd();
  97   1        while(1)
  98   1        {
  99   2          adc();
 100   2          display();
 101   2        }
 102   1      }


MODULE INFORMATION:   STATIC OVERLAYABLE
   CODE SIZE        =    283    ----
   CONSTANT SIZE    =   ----    ----
   XDATA SIZE       =   ----    ----
   PDATA SIZE       =   ----    ----
   DATA SIZE        =     22       3
   IDATA SIZE       =   ----    ----
   BIT SIZE         =   ----    ----
END OF MODULE INFORMATION.


C51 COMPILATION COMPLETE.  0 WARNING(S),  0 ERROR(S)
