C51 COMPILER V9.60.0.0   LED____                                                           06/12/2022 18:53:05 PAGE 1   


C51 COMPILER V9.60.0.0, COMPILATION OF MODULE LED____
OBJECT MODULE PLACED IN .\Objects\ledµ„’Û.obj
COMPILER INVOKED BY: E:\keil\C51\BIN\C51.EXE ledµ„’Û.c OPTIMIZE(8,SPEED) BROWSE DEBUG OBJECTEXTEND PRINT(.\Listings\ledµ
                    -„’Û.lst) TABS(2) OBJECT(.\Objects\ledµ„’Û.obj)

line level    source

   1          #include <reg51.h>
   2          #include <intrins.h>
   3          #define uchar unsigned char 
   4          #define uint unsigned int
   5          uchar code column[]={0xfe,0xfd,0xfb,0xf7,0xef,0xdf,0xbf,0x7f};
   6          uchar code line[]={0x00,0x00,0x38,0x28,0xff,0x28,0x38,0x00};
   7          void delay(int ms);
   8          
   9          void main()
  10          {
  11   1        while(1)
  12   1        {
  13   2      
  14   2          uint i;
  15   2          for(i=0;i<8;i++)
  16   2          {
  17   3            P2 = column[i];
  18   3            P3 = line[i];
  19   3            delay(1);
  20   3            P2 = 0xff;
  21   3            P3 = 0x00;
  22   3          }
  23   2        }
  24   1      }
  25          
  26          void delay(int ms)
  27          {
  28   1        int i,j;
  29   1        for(i=ms;i>0;i--)
  30   1        {
  31   2          for(j=120;j>0;j--);
  32   2        }
  33   1      }


MODULE INFORMATION:   STATIC OVERLAYABLE
   CODE SIZE        =    101    ----
   CONSTANT SIZE    =     16    ----
   XDATA SIZE       =   ----    ----
   PDATA SIZE       =   ----    ----
   DATA SIZE        =   ----       2
   IDATA SIZE       =   ----    ----
   BIT SIZE         =   ----    ----
END OF MODULE INFORMATION.


C51 COMPILATION COMPLETE.  0 WARNING(S),  0 ERROR(S)
