C51 COMPILER V9.60.0.0   LED                                                               01/03/2022 19:33:55 PAGE 1   


C51 COMPILER V9.60.0.0, COMPILATION OF MODULE LED
OBJECT MODULE PLACED IN .\Objects\Led.obj
COMPILER INVOKED BY: E:\keil\C51\BIN\C51.EXE Led.c OPTIMIZE(8,SPEED) BROWSE DEBUG OBJECTEXTEND PRINT(.\Listings\Led.lst)
                    - TABS(2) OBJECT(.\Objects\Led.obj)

line level    source

   1          #include <reg51.h>
   2          sbit P20 = P2^0;
   3          sbit P21 = P2^1;
   4          void main()
   5          {
   6   1      
   7   1      
   8   1      
   9   1      while(1)
  10   1      {
  11   2        P20 = 0;
  12   2        P21 = 1;
  13   2        
  14   2        
  15   2      }
  16   1      }


MODULE INFORMATION:   STATIC OVERLAYABLE
   CODE SIZE        =      6    ----
   CONSTANT SIZE    =   ----    ----
   XDATA SIZE       =   ----    ----
   PDATA SIZE       =   ----    ----
   DATA SIZE        =   ----    ----
   IDATA SIZE       =   ----    ----
   BIT SIZE         =   ----    ----
END OF MODULE INFORMATION.


C51 COMPILATION COMPLETE.  0 WARNING(S),  0 ERROR(S)
