C51 COMPILER V9.60.0.0   67                                                                06/07/2022 16:53:16 PAGE 1   


C51 COMPILER V9.60.0.0, COMPILATION OF MODULE 67
OBJECT MODULE PLACED IN .\Objects\67.obj
COMPILER INVOKED BY: E:\keil\C51\BIN\C51.EXE 67.c OPTIMIZE(8,SPEED) BROWSE DEBUG OBJECTEXTEND PRINT(.\Listings\67.lst) T
                    -ABS(2) OBJECT(.\Objects\67.obj)

line level    source

   1          #include <reg51.h>
   2          sbit P20 = P2^0;
   3          sbit P21 = P2^1;
   4          #define uchar unsigned char
   5          #define uint unsigned int
   6          
   7          void delay(uint n);
   8          
   9          void main()
  10          {
  11   1        while(1)
  12   1        {
  13   2          P20 = 0;
  14   2          delay(1000);
  15   2          P20 = 1;
  16   2          delay(1000);
  17   2        }
  18   1      }
  19          
  20          void delay(uint n)
  21          {
  22   1        int i,j;
  23   1        for(i = n;i > 0;i--)
  24   1        {
  25   2          for(j = 120;j > 0;j--);
  26   2        }
  27   1      }


MODULE INFORMATION:   STATIC OVERLAYABLE
   CODE SIZE        =     52    ----
   CONSTANT SIZE    =   ----    ----
   XDATA SIZE       =   ----    ----
   PDATA SIZE       =   ----    ----
   DATA SIZE        =   ----    ----
   IDATA SIZE       =   ----    ----
   BIT SIZE         =   ----    ----
END OF MODULE INFORMATION.


C51 COMPILATION COMPLETE.  0 WARNING(S),  0 ERROR(S)
