C51 COMPILER V9.60.0.0   __________                                                        06/07/2022 20:24:50 PAGE 1   


C51 COMPILER V9.60.0.0, COMPILATION OF MODULE __________
OBJECT MODULE PLACED IN .\Objects\æÿ’Ûº¸≈Ã∏ƒ.obj
COMPILER INVOKED BY: E:\keil\C51\BIN\C51.EXE æÿ’Ûº¸≈Ã∏ƒ.c OPTIMIZE(8,SPEED) BROWSE DEBUG OBJECTEXTEND PRINT(.\Listings\æ
                    -ÿ’Ûº¸≈Ã∏ƒ.lst) TABS(2) OBJECT(.\Objects\æÿ’Ûº¸≈Ã∏ƒ.obj)

line level    source

   1          #include <reg51.h>
   2          #include <intrins.h>
   3          #define uchar unsigned char
   4          #define uint unsigned int
   5          sbit P10 = P1^0;
   6          sbit P11 = P1^1;
   7          sbit P12 = P1^2;
   8          sbit P13 = P1^3;
   9          sbit P14 = P1^4;
  10          sbit P15 = P1^5;
  11          sbit P16 = P1^6;
  12          sbit P17 = P1^7;
  13          bit key_flag = 0; 
  14          uchar key_num = 0;
  15          uchar code seg[10] = {0xc0,0xf9,0xa4,0xb0,0x99,0x92,0x82,0xf8,0x80,0x90}; //  ˝¬Îπ‹ ˝◊÷œ‘ æ(π≤—Ùº´)
  16          uchar code place_code[8] = {0x01,0x02,0x04,0x08,0x10,0x20,0x40,0x80}; // 8Œª ˝¬Îπ‹œ‘ æŒª÷√(Œ¥≤…”√38“Î¬Î∆˜)
  17          
  18          uchar cache[8] = 0; // ª∫¥Ê ˝◊Èœ¬±ÍŒª÷√
  19          uchar num = 0;
  20          void key_scan();   // æÿ’Ûº¸≈Ã…®√Ë
  21          void dely(uint ms);  // —” ±
  22          void dig_show(); //  ˝¬Îπ‹œ‘ æ
  23          void tranfer(uchar a,s,d,f,g,h,j,k);
  24          
  25          
  26          void main()
  27          {
  28   1        P1 = 0x0f;
  29   1        while(1)
  30   1        {
  31   2          //P1 = 0x0f;
  32   2          /*key_scan();
  33   2          tranfer(0,0,0,0,0,0,num / 10,num % 10);
  34   2          dig_show();*/
  35   2      
  36   2        }
  37   1      }
  38          
  39          void dig_show()
  40          {
  41   1      
  42   1          uint i;
  43   1          for(i=0;i<8;i++)
  44   1          {
  45   2            P3 = place_code[i];
  46   2            P2 = 0xff;              // —°÷–Œª÷√πÿ±’ ˝¬Îπ‹ ∑¿÷πÀ≤ ±µÁ∆Ω”∞œÏ
  47   2            P2 = seg[cache[i]];
  48   2          }
  49   1      }
  50          
  51          void dely(uint ms)
  52          {
  53   1        uint i,j;
  54   1        for(i=ms;i>0;i--)
C51 COMPILER V9.60.0.0   __________                                                        06/07/2022 20:24:50 PAGE 2   

  55   1        {
  56   2          for(j=120;j>0;j--);
  57   2        }
  58   1      }
  59          
  60          void tranfer(uchar a,s,d,f,g,h,j,k)
  61          {
  62   1        cache[0] = a;
  63   1        cache[1] = s;
  64   1        cache[2] = d;
  65   1        cache[3] = f;
  66   1        cache[4] = g;
  67   1        cache[5] = h;
  68   1        cache[6] = j;
  69   1        cache[7] = k;
  70   1      }
  71          
  72          void key_scan()
  73          {
  74   1        uchar kx = 0,ky = 0;
  75   1        if(!key_flag)
  76   1        {
  77   2          P1 = 0x0f;
  78   2          if(P10==0||P11==0||P12==0||P13==0)
  79   2          {
  80   3            if(P10==0) kx =1;
  81   3            if(P11==0) kx =2;
  82   3            if(P12==0) kx =3;
  83   3            if(P13==0) kx =4;
  84   3          }
  85   2          P1 = 0xf0;
  86   2          if(P14==0||P15==0||P16==0||P17==0)
  87   2          {
  88   3            if(P14==0) ky =1;
  89   3            if(P15==0) ky =2;
  90   3            if(P16==0) ky =3;
  91   3            if(P17==0) ky =4;
  92   3          }
  93   2          if(ky==0)
  94   2          {
  95   3            key_flag=0;
  96   3          }else{
  97   3            key_num=kx+ky;
  98   3            key_flag=1;
  99   3          }   
 100   2        }
 101   1      }


MODULE INFORMATION:   STATIC OVERLAYABLE
   CODE SIZE        =    189    ----
   CONSTANT SIZE    =     18    ----
   XDATA SIZE       =   ----    ----
   PDATA SIZE       =   ----    ----
   DATA SIZE        =     10      15
   IDATA SIZE       =   ----    ----
   BIT SIZE         =      1    ----
END OF MODULE INFORMATION.


C51 COMPILATION COMPLETE.  0 WARNING(S),  0 ERROR(S)
