C51 COMPILER V9.59.0.0   __________                                                        06/21/2022 09:07:53 PAGE 1   


C51 COMPILER V9.59.0.0, COMPILATION OF MODULE __________
OBJECT MODULE PLACED IN .\Objects\æÿ’Ûº¸≈Ã∏ƒ.obj
COMPILER INVOKED BY: E:\keli\C51\BIN\C51.EXE æÿ’Ûº¸≈Ã∏ƒ.c OPTIMIZE(8,SPEED) BROWSE DEBUG OBJECTEXTEND PRINT(.\Listings\æ
                    -ÿ’Ûº¸≈Ã∏ƒ.lst) TABS(2) OBJECT(.\Objects\æÿ’Ûº¸≈Ã∏ƒ.obj)

line level    source

   1          #include <reg51.h>
   2          
   3          #define uchar unsigned char
   4          #define uint unsigned int
   5          bit k_flag = 0; 
   6          char key_num = 0;
   7          char kx=0,ky=0;
   8          sbit P10 = P1^0;
   9          sbit P11 = P1^1;
  10          sbit P12 = P1^2;
  11          sbit P13 = P1^3;
  12          sbit P14 = P1^4;
  13          sbit P15 = P1^5;
  14          sbit P16 = P1^6;
  15          sbit P17 = P1^7;
  16          uchar code seg[10] = {0xc0,0xf9,0xa4,0xb0,0x99,0x92,0x82,0xf8,0x80,0x90}; //  ˝¬Îπ‹ ˝◊÷œ‘ æ(π≤—Ùº´)
  17          uchar code place_code[8] = {0x01,0x02,0x04,0x08,0x10,0x20,0x40,0x80}; // 8Œª ˝¬Îπ‹œ‘ æŒª÷√(Œ¥≤…”√38“Î¬Î∆˜)
  18          
  19          uchar cache[8] = 0; // ª∫¥Ê ˝◊Èœ¬±ÍŒª÷√
  20          void key_scan();   // æÿ’Ûº¸≈Ã…®√Ë
  21          void dely(uint ms);  // —” ±
  22          void dig_show(); //  ˝¬Îπ‹œ‘ æ
  23          void tranfer(uchar a,s,d,f,g,h,j,k);
  24          
  25          
  26          void main()
  27          { 
  28   1        while(1)
  29   1        { 
  30   2          key_scan();
  31   2          if(k_flag == 1)
  32   2          {
  33   3            k_flag = 0;
  34   3          }
  35   2          tranfer(0,0,0,0,0,0,key_num / 10,key_num % 10);
  36   2          dig_show();
  37   2      
  38   2        }
  39   1      }
  40          
  41          void dig_show()
  42          {
  43   1          uint i;
  44   1          for(i=0;i<8;i++)
  45   1          {
  46   2            P3 = place_code[i];
  47   2            P2 = 0xff;              // —°÷–Œª÷√πÿ±’ ˝¬Îπ‹ ∑¿÷πÀ≤ ±µÁ∆Ω”∞œÏ
  48   2            P2 = seg[cache[i]];
  49   2          }
  50   1      }
  51          
  52          void dely(uint ms)
  53          {
  54   1        uint i,j;
C51 COMPILER V9.59.0.0   __________                                                        06/21/2022 09:07:53 PAGE 2   

  55   1        for(i=ms;i>0;i--)
  56   1        {
  57   2          for(j=120;j>0;j--);
  58   2        }
  59   1      }
  60          
  61          void tranfer(uchar a,s,d,f,g,h,j,k)
  62          {
  63   1        cache[0] = a;
  64   1        cache[1] = s;
  65   1        cache[2] = d;
  66   1        cache[3] = f;
  67   1        cache[4] = g;
  68   1        cache[5] = h;
  69   1        cache[6] = j;
  70   1        cache[7] = k;
  71   1      }
  72          
  73          void key_scan()
  74          {
  75   1        
  76   1        if(k_flag==0)
  77   1        {
  78   2          P1=0x0f;
  79   2          if(P10==0||P11==0||P12==0||P13==0)
  80   2          {
  81   3            if(P10==0) kx=-1;
  82   3            if(P11==0) kx=3;
  83   3            if(P12==0) kx=7;
  84   3            if(P13==0) kx=11;
  85   3          }
  86   2          P1=0xf0;//
  87   2          if(P14==0||P15==0||P16==0||P17==0)
  88   2          {
  89   3            if(P14==0) ky=4;
  90   3            if(P15==0) ky=3;
  91   3            if(P16==0) ky=2;
  92   3            if(P17==0) ky=1;
  93   3          }
  94   2          if(ky==0)  k_flag=0;
  95   2          else
  96   2          {
  97   3            key_num=kx+ky;
  98   3            k_flag=1;
  99   3          }
 100   2        }
 101   1      }


MODULE INFORMATION:   STATIC OVERLAYABLE
   CODE SIZE        =    266    ----
   CONSTANT SIZE    =     18    ----
   XDATA SIZE       =   ----    ----
   PDATA SIZE       =   ----    ----
   DATA SIZE        =     11      15
   IDATA SIZE       =   ----    ----
   BIT SIZE         =      1    ----
END OF MODULE INFORMATION.


C51 COMPILATION COMPLETE.  0 WARNING(S),  0 ERROR(S)
