C51 COMPILER V9.60.0.0   ____                                                              06/12/2022 17:27:30 PAGE 1   


C51 COMPILER V9.60.0.0, COMPILATION OF MODULE ____
OBJECT MODULE PLACED IN .\Objects\串口.obj
COMPILER INVOKED BY: E:\keil\C51\BIN\C51.EXE 串口.c OPTIMIZE(8,SPEED) BROWSE DEBUG OBJECTEXTEND PRINT(.\Listings\串口.ls
                    -t) TABS(2) OBJECT(.\Objects\串口.obj)

line level    source

   1          #include <reg51.h>
   2          
   3          #define uint unsigned int
   4          #define uchar unsigned char
   5          
   6          sbit P20 = P2^0;
   7          uchar dat;
   8          bit flag = 0;
   9          void send();
  10          void init()   // 串口初始化
  11          {
  12   1        SCON = 0x50;  // 串口，模式1
  13   1        TMOD = 0x20;  // 定时器1 模式2
  14   1        TH1 = 0xfd;
  15   1        TL1 = 0xfd;
  16   1        TR1 = 1;
  17   1        ES = 1;
  18   1        EA = 1;
  19   1      }
  20          
  21          void main()
  22          {
  23   1        init();
  24   1        while(1)
  25   1        {
  26   2          if(flag == 1)
  27   2          {
  28   3            send();
  29   3            if(dat == '0')
  30   3            {
  31   4              P20 = 0;
  32   4            }else{
  33   4              P20 = 1;
  34   4            }
  35   3            flag = 0;
  36   3          }
  37   2        }
  38   1      }
  39          void send()
  40          {
  41   1        SBUF = dat;
  42   1        while(TI == 0);
  43   1        TI = 0;
  44   1      }
  45          
  46          void uart() interrupt 4
  47          {
  48   1        if(RI)
  49   1        {
  50   2          dat = SBUF;
  51   2          flag = 1;
  52   2          RI = 0;
  53   2        }
  54   1      }
C51 COMPILER V9.60.0.0   ____                                                              06/12/2022 17:27:30 PAGE 2   

  55          


MODULE INFORMATION:   STATIC OVERLAYABLE
   CODE SIZE        =     63    ----
   CONSTANT SIZE    =   ----    ----
   XDATA SIZE       =   ----    ----
   PDATA SIZE       =   ----    ----
   DATA SIZE        =      1    ----
   IDATA SIZE       =   ----    ----
   BIT SIZE         =      1    ----
END OF MODULE INFORMATION.


C51 COMPILATION COMPLETE.  0 WARNING(S),  0 ERROR(S)
