C51 COMPILER V9.60.0.0   WORK                                                              01/07/2022 17:33:21 PAGE 1   


C51 COMPILER V9.60.0.0, COMPILATION OF MODULE WORK
OBJECT MODULE PLACED IN .\Objects\work.obj
COMPILER INVOKED BY: E:\keil\C51\BIN\C51.EXE work.c OPTIMIZE(8,SPEED) BROWSE DEBUG OBJECTEXTEND PRINT(.\Listings\work.ls
                    -t) TABS(2) OBJECT(.\Objects\work.obj)

line level    source

   1          #include <reg51.h>
   2          #define GPIO_KEY P1
   3          #define GPIO_DIG P0
   4          typedef unsigned char u8;
   5          typedef unsigned int u16;
   6          
   7          sbit LSA = P2 ^ 2; //74LS138位选，且01相反，C位最高位
   8          sbit LSB = P2 ^ 3;
   9          sbit LSC = P2 ^ 4;
  10          sbit START = P2 ^ 5; //抢答开始键
  11          sbit RESET = P2 ^ 6; //复位键
  12          sbit BUZ = P2 ^ 7;   //设置蜂鸣器
  13          
  14          u8 code duanxuan[] = {0x3f, 0x06, 0x5b, 0x4f, 0x66, 0x6d, 0x7d, 0x07, 0x7f, 0x6f, 0x77, 0x7c, 0x39, 0x5e, 
             -0x79, 0x71, 0x00}; //段选0-F,用于数码管显示，最后1位为空（不亮）
  15          u16 box[] = {16, 16, 16, 16, 16, 16, 16, 16};                                                             
             -                   //存放每一位数字
  16          u16 KeyValue;                                                                                             
             -                   //用于表示按下的是哪个键
  17          int time;                                                                                                 
             -                   //计时
  18          
  19          void Delay(u16 i) //延时
  20          {
  21   1          while (i--);
  22   1      }
  23          void Display() //依次显示各位数字，遍历box，根据box里存的各位是什么数字，通过du
             -anxuan来显示
  24          {
  25   1          int i;            //f用于表示前7位中是否有非0数
  26   1          for (i = 7; i >= 0; i--) //显示前7位，如果一直没有非0数，全是0就不显示，从非0
             -开始显示
  27   1          {
  28   2              LSA = 1 - i % 2;
  29   2              LSB = 1 - i / 2 % 2;
  30   2              LSC = 1 - i / 4 % 2;
  31   2              GPIO_DIG = duanxuan[box[i]];
  32   2              Delay(50);
  33   2              GPIO_DIG = 0x00;
  34   2          }
  35   1      }
  36          
  37          void SetTime()
  38          {
  39   1          int time_2 = time / 150;
  40   1          box[7] = time_2 / 10;
  41   1          box[6] = time_2 % 10;
  42   1          time--;
  43   1      }
  44          
  45          void Buzz(int i)
  46          {
  47   1          BUZ = 1;
  48   1          Delay(i);
C51 COMPILER V9.60.0.0   WORK                                                              01/07/2022 17:33:21 PAGE 2   

  49   1          BUZ = 0;
  50   1      }
  51          void KeyDown() //检查按键
  52          {
  53   1          KeyValue = 10;
  54   1          RESET = 1;
  55   1          START = 1;
  56   1          GPIO_KEY = 0xff;
  57   1          if (RESET == 0)
  58   1              KeyValue = 8;
  59   1          else if (START == 0)
  60   1              KeyValue = 9;
  61   1          else if (GPIO_KEY != 0xff)
  62   1          {
  63   2              switch (GPIO_KEY) //检查按键在第几行
  64   2              {
  65   3              case (0Xfe):
  66   3                  KeyValue = 0;
  67   3                  break;
  68   3              case (0xfd):
  69   3                  KeyValue = 1;
  70   3                  break;
  71   3              case (0Xfb):
  72   3                  KeyValue = 2;
  73   3                  break;
  74   3              case (0Xf7):
  75   3                  KeyValue = 3;
  76   3                  break;
  77   3              case (0Xef):
  78   3                  KeyValue = 4;
  79   3                  break;
  80   3              case (0Xdf):
  81   3                  KeyValue = 5;
  82   3                  break;
  83   3              case (0Xbf):
  84   3                  KeyValue = 6;
  85   3                  break;
  86   3              case (0X7f):
  87   3                  KeyValue = 7;
  88   3                  break;
  89   3              }
  90   2          }
  91   1      }
  92          
  93          void main()
  94          {
  95   1          int i = 0;
  96   1          BUZ = 0;
  97   1          while (1)
  98   1          {
  99   2              //清零
 100   2              for (i = 7; i >= 0; i--)
 101   2                  box[i] = 0;
 102   2              Display();
 103   2              KeyDown();
 104   2              if (KeyValue == 9) //抢答开始
 105   2              {
 106   3                  Buzz(30000);
 107   3                  time = 4649;
 108   3                  for (i = 5; i >= 0; i--)
 109   3                      box[i] = 16;
 110   3                  while (1) //循环探测，直至有抢答键或复位键按下（开始键多按了，会被
C51 COMPILER V9.60.0.0   WORK                                                              01/07/2022 17:33:21 PAGE 3   

             -视）
 111   3                  {
 112   4                      SetTime();
 113   4                      Display();
 114   4                      KeyDown();
 115   4                      if (KeyValue < 9 || time < 0) //按了复位或超时，9代表开始键
 116   4                          break;
 117   4                  }
 118   3                  if (KeyValue < 8 && time >= 0) //如果按下的键是抢答键，8代表开始键
 119   3                  {
 120   4                      for (i = 5; i >= 0; i--) //前7位不亮
 121   4                          box[i] = 16;
 122   4                      box[0] = KeyValue + 1; //把抢答的选手号显示
 123   4                      while (1) //有人抢答了，就持续等待复位键被按下
 124   4                      {
 125   5                          Display();
 126   5                          KeyDown();
 127   5                          if (KeyValue == 8) //8代表复位键
 128   5                              break;
 129   5                      }
 130   4                  }
 131   3              }
 132   2              
 133   2          }
 134   1      }


MODULE INFORMATION:   STATIC OVERLAYABLE
   CODE SIZE        =    554    ----
   CONSTANT SIZE    =     17    ----
   XDATA SIZE       =   ----    ----
   PDATA SIZE       =   ----    ----
   DATA SIZE        =     20       2
   IDATA SIZE       =   ----    ----
   BIT SIZE         =   ----    ----
END OF MODULE INFORMATION.


C51 COMPILATION COMPLETE.  0 WARNING(S),  0 ERROR(S)
